<?xml version="1.0" encoding="UTF-8" ?>
<testsuite tests="38" failures="0" name="by.academy.it.mysql.ClientDaoImplTest" time="0.952" errors="0" skipped="0">
  <properties>
[...]
</properties>
  <testcase classname="by.academy.it.mysql.ClientDaoImplTest" name="deleteValidClient" time="0.311"/>
  <testcase classname="by.academy.it.mysql.ClientDaoImplTest" name="createClientWithNullSecondName" time="0.023"/>
  <testcase classname="by.academy.it.mysql.ClientDaoImplTest" name="crudFullCycleWithNullClient" time="0.029"/>
  <testcase classname="by.academy.it.mysql.ClientDaoImplTest" name="createClientWithIncorrectEmail" time="0.021"/>
  <testcase classname="by.academy.it.mysql.ClientDaoImplTest" name="createClientWithNegativeID" time="0.018"/>
  <testcase classname="by.academy.it.mysql.ClientDaoImplTest" name="createValidClient" time="0.019"/>
  <testcase classname="by.academy.it.mysql.ClientDaoImplTest" name="createClientIfClientEqualsNull" time="0.017"/>
  <testcase classname="by.academy.it.mysql.ClientDaoImplTest" name="readClientWithNullName" time="0.017"/>
  <testcase classname="by.academy.it.mysql.ClientDaoImplTest" name="updateClientWithZeroId" time="0.016"/>
  <testcase classname="by.academy.it.mysql.ClientDaoImplTest" name="readClientWithNullEmail" time="0.016"/>
  <testcase classname="by.academy.it.mysql.ClientDaoImplTest" name="readNullId" time="0.017"/>
  <testcase classname="by.academy.it.mysql.ClientDaoImplTest" name="readClientWithAllNullParameters" time="0.016"/>
  <testcase classname="by.academy.it.mysql.ClientDaoImplTest" name="createClientWithNullGender" time="0.017"/>
  <testcase classname="by.academy.it.mysql.ClientDaoImplTest" name="updateRecordNotExist" time="0.019"/>
  <testcase classname="by.academy.it.mysql.ClientDaoImplTest" name="readZeroId" time="0.014"/>
  <testcase classname="by.academy.it.mysql.ClientDaoImplTest" name="updateClientNullParameters" time="0.034"/>
  <testcase classname="by.academy.it.mysql.ClientDaoImplTest" name="createClientWithNullEmail" time="0.017"/>
  <testcase classname="by.academy.it.mysql.ClientDaoImplTest" name="updateClientIncorrectEmail" time="0.015"/>
  <testcase classname="by.academy.it.mysql.ClientDaoImplTest" name="readClientWithNullDateOfBirth" time="0.014"/>
  <testcase classname="by.academy.it.mysql.ClientDaoImplTest" name="getLastId" time="0.015"/>
  <testcase classname="by.academy.it.mysql.ClientDaoImplTest" name="crudFullCycleWithValidClient" time="0.022"/>
  <testcase classname="by.academy.it.mysql.ClientDaoImplTest" name="updateRecordWithNegativeId" time="0.016"/>
  <testcase classname="by.academy.it.mysql.ClientDaoImplTest" name="deleteClientWithNegativeIdTest1" time="0.013"/>
  <testcase classname="by.academy.it.mysql.ClientDaoImplTest" name="deleteClientWithNegativeIdTest2" time="0.014"/>
  <testcase classname="by.academy.it.mysql.ClientDaoImplTest" name="createClientWithNullDate" time="0.016"/>
  <testcase classname="by.academy.it.mysql.ClientDaoImplTest" name="createClientWithNullName" time="0.017"/>
  <testcase classname="by.academy.it.mysql.ClientDaoImplTest" name="updateValidClient" time="0.017"/>
  <testcase classname="by.academy.it.mysql.ClientDaoImplTest" name="createClientWithNullID" time="0.014"/>
  <testcase classname="by.academy.it.mysql.ClientDaoImplTest" name="readAll" time="0.015"/>
  <testcase classname="by.academy.it.mysql.ClientDaoImplTest" name="readClientWithNullGender" time="0.015"/>
  <testcase classname="by.academy.it.mysql.ClientDaoImplTest" name="createClientDuplicate" time="0.017"/>
  <testcase classname="by.academy.it.mysql.ClientDaoImplTest" name="readNotExistRecord" time="0.015"/>
  <testcase classname="by.academy.it.mysql.ClientDaoImplTest" name="createClientWithZeroID" time="0.015"/>
  <testcase classname="by.academy.it.mysql.ClientDaoImplTest" name="readNegativeId" time="0.015"/>
  <testcase classname="by.academy.it.mysql.ClientDaoImplTest" name="deleteClientWithNullIdTest1" time="0.021"/>
  <testcase classname="by.academy.it.mysql.ClientDaoImplTest" name="deleteClientWithNullIdTest2" time="0.015"/>
  <testcase classname="by.academy.it.mysql.ClientDaoImplTest" name="readClientWithNullSecondName" time="0.013"/>
  <testcase classname="by.academy.it.mysql.ClientDaoImplTest" name="readValidClient" time="0.017"/>
</testsuite>